2024-07-17 22:49:45 - info: Mensaje recibido en el chat 908841714
2024-07-17 22:49:45 - info: Foto recibida en el chat 908841714
2024-07-17 22:49:45 - info: Mensaje recibido en el chat 908841714
2024-07-17 22:49:45 - info: Foto recibida en el chat 908841714
2024-07-17 22:49:45 - info: Mensaje recibido en el chat 908841714
2024-07-17 22:49:45 - info: Foto recibida en el chat 908841714
2024-07-17 22:49:45 - info: Mensaje recibido en el chat 908841714
2024-07-17 22:49:45 - info: Foto recibida en el chat 908841714
2024-07-17 22:49:45 - info: Mensaje recibido en el chat 908841714
2024-07-17 22:49:45 - info: Foto recibida en el chat 908841714
2024-07-17 22:49:45 - info: Mensaje recibido en el chat 908841714
2024-07-17 22:49:45 - info: Foto recibida en el chat 908841714
2024-07-17 22:49:45 - info: Mensaje recibido en el chat 908841714
2024-07-17 22:49:45 - info: Foto recibida en el chat 908841714
2024-07-17 22:49:46 - info: Imagen descargada y guardada como /home/ekiprotek/Documents/node_druk/downloaded_image.jpg
2024-07-17 22:49:47 - info: Código QR detectado: {"action":"pair","serialNumber":"12345"}
2024-07-17 22:49:47 - info: Imagen descargada y guardada como /home/ekiprotek/Documents/node_druk/downloaded_image.jpg
2024-07-17 22:49:47 - info: Imagen descargada y guardada como /home/ekiprotek/Documents/node_druk/downloaded_image.jpg
2024-07-17 22:49:48 - info: Código QR detectado: 12345
2024-07-17 22:49:48 - info: Código QR detectado: 12345
2024-07-17 22:49:48 - info: Imagen descargada y guardada como /home/ekiprotek/Documents/node_druk/downloaded_image.jpg
2024-07-17 22:49:48 - info: Imagen descargada y guardada como /home/ekiprotek/Documents/node_druk/downloaded_image.jpg
2024-07-17 22:49:48 - info: Imagen descargada y guardada como /home/ekiprotek/Documents/node_druk/downloaded_image.jpg
2024-07-17 22:49:48 - info: Imagen descargada y guardada como /home/ekiprotek/Documents/node_druk/downloaded_image.jpg
2024-07-17 22:49:48 - info: Código QR detectado: {"action":"pair","serialNumber":"12345"}
2024-07-17 22:49:48 - info: Código QR detectado: {"action":"pair","serialNumber":"12345"}
2024-07-17 22:49:48 - info: Código QR detectado: {"action":"pair","serialNumber":"12345"}
2024-07-17 22:49:49 - info: Código QR detectado: {"action":"pair","serialNumber":"12345"}
